Simulator report for Lab2
Fri Mar 12 21:57:58 2021
Quartus II 64-Bit Version 13.0.1 Build 232 06/12/2013 Service Pack 1 SJ Web Edition


---------------------
; Table of Contents ;
---------------------
  1. Legal Notice
  2. Simulator Summary
  3. Simulator Settings
  4. Simulation Waveforms
  5. Coverage Summary
  6. Complete 1/0-Value Coverage
  7. Missing 1-Value Coverage
  8. Missing 0-Value Coverage
  9. Simulator INI Usage
 10. Simulator Messages



----------------
; Legal Notice ;
----------------
Copyright (C) 1991-2013 Altera Corporation
Your use of Altera Corporation's design tools, logic functions 
and other software and tools, and its AMPP partner logic 
functions, and any output files from any of the foregoing 
(including device programming or simulation files), and any 
associated documentation or information are expressly subject 
to the terms and conditions of the Altera Program License 
Subscription Agreement, Altera MegaCore Function License 
Agreement, or other applicable license agreement, including, 
without limitation, that your use is for the sole purpose of 
programming logic devices manufactured by Altera and sold by 
Altera or its authorized distributors.  Please refer to the 
applicable agreement for further details.



+--------------------------------------------+
; Simulator Summary                          ;
+-----------------------------+--------------+
; Type                        ; Value        ;
+-----------------------------+--------------+
; Simulation Start Time       ; 0 ps         ;
; Simulation End Time         ; 1.0 us       ;
; Simulation Netlist Size     ; 308 nodes    ;
; Simulation Coverage         ;      99.35 % ;
; Total Number of Transitions ; 40705        ;
; Simulation Breakpoints      ; 0            ;
; Family                      ; Cyclone II   ;
+-----------------------------+--------------+


+---------------------------------------------------------------------------------------------------------------------------------------------------------+
; Simulator Settings                                                                                                                                      ;
+--------------------------------------------------------------------------------------------+--------------------------------------------+---------------+
; Option                                                                                     ; Setting                                    ; Default Value ;
+--------------------------------------------------------------------------------------------+--------------------------------------------+---------------+
; Simulation mode                                                                            ; Functional                                 ; Timing        ;
; Start time                                                                                 ; 0 ns                                       ; 0 ns          ;
; Simulation results format                                                                  ; VWF                                        ;               ;
; Vector input source                                                                        ; //Mac/Home/GitHub/UzlyLabs/Lab2_7/Lab2.vwf ;               ;
; Add pins automatically to simulation output waveforms                                      ; On                                         ; On            ;
; Check outputs                                                                              ; Off                                        ; Off           ;
; Report simulation coverage                                                                 ; On                                         ; On            ;
; Display complete 1/0 value coverage report                                                 ; On                                         ; On            ;
; Display missing 1-value coverage report                                                    ; On                                         ; On            ;
; Display missing 0-value coverage report                                                    ; On                                         ; On            ;
; Detect setup and hold time violations                                                      ; Off                                        ; Off           ;
; Detect glitches                                                                            ; Off                                        ; Off           ;
; Disable timing delays in Timing Simulation                                                 ; Off                                        ; Off           ;
; Generate Signal Activity File                                                              ; Off                                        ; Off           ;
; Generate VCD File for PowerPlay Power Analyzer                                             ; Off                                        ; Off           ;
; Group bus channels in simulation results                                                   ; Off                                        ; Off           ;
; Preserve fewer signal transitions to reduce memory requirements                            ; On                                         ; On            ;
; Trigger vector comparison with the specified mode                                          ; INPUT_EDGE                                 ; INPUT_EDGE    ;
; Disable setup and hold time violations detection in input registers of bi-directional pins ; Off                                        ; Off           ;
; Overwrite Waveform Inputs With Simulation Outputs                                          ; Off                                        ;               ;
; Perform Glitch Filtering in Timing Simulation                                              ; Auto                                       ; Auto          ;
+--------------------------------------------------------------------------------------------+--------------------------------------------+---------------+


+----------------------+
; Simulation Waveforms ;
+----------------------+
Waveform report data cannot be output to ASCII.
Please use Quartus II 64-Bit to view the waveform report data.


+--------------------------------------------------------------------+
; Coverage Summary                                                   ;
+-----------------------------------------------------+--------------+
; Type                                                ; Value        ;
+-----------------------------------------------------+--------------+
; Total coverage as a percentage                      ;      99.35 % ;
; Total nodes checked                                 ; 308          ;
; Total output ports checked                          ; 308          ;
; Total output ports with complete 1/0-value coverage ; 306          ;
; Total output ports with no 1/0-value coverage       ; 2            ;
; Total output ports with no 1-value coverage         ; 2            ;
; Total output ports with no 0-value coverage         ; 2            ;
+-----------------------------------------------------+--------------+


The following table displays output ports that toggle between 1 and 0 during simulation.
+----------------------------------------------------------------------------------------------------------------------------------------------------------------------------------------------------+
; Complete 1/0-Value Coverage                                                                                                                                                                        ;
+----------------------------------------------------------------------------------------+----------------------------------------------------------------------------------------+------------------+
; Node Name                                                                              ; Output Port Name                                                                       ; Output Port Type ;
+----------------------------------------------------------------------------------------+----------------------------------------------------------------------------------------+------------------+
; |Lab2|D0                                                                               ; |Lab2|D0                                                                               ; pin_out          ;
; |Lab2|X_1                                                                              ; |Lab2|X_1                                                                              ; out              ;
; |Lab2|X_2                                                                              ; |Lab2|X_2                                                                              ; out              ;
; |Lab2|X_3                                                                              ; |Lab2|X_3                                                                              ; out              ;
; |Lab2|X_4                                                                              ; |Lab2|X_4                                                                              ; out              ;
; |Lab2|D1                                                                               ; |Lab2|D1                                                                               ; pin_out          ;
; |Lab2|D2                                                                               ; |Lab2|D2                                                                               ; pin_out          ;
; |Lab2|D3                                                                               ; |Lab2|D3                                                                               ; pin_out          ;
; |Lab2|D4                                                                               ; |Lab2|D4                                                                               ; pin_out          ;
; |Lab2|D5                                                                               ; |Lab2|D5                                                                               ; pin_out          ;
; |Lab2|D6                                                                               ; |Lab2|D6                                                                               ; pin_out          ;
; |Lab2|lpm_mux1:inst6|lpm_mux:LPM_MUX_component|mux_o4e:auto_generated|_~13             ; |Lab2|lpm_mux1:inst6|lpm_mux:LPM_MUX_component|mux_o4e:auto_generated|_~13             ; out0             ;
; |Lab2|lpm_mux1:inst6|lpm_mux:LPM_MUX_component|mux_o4e:auto_generated|_~16             ; |Lab2|lpm_mux1:inst6|lpm_mux:LPM_MUX_component|mux_o4e:auto_generated|_~16             ; out0             ;
; |Lab2|lpm_mux1:inst6|lpm_mux:LPM_MUX_component|mux_o4e:auto_generated|_~21             ; |Lab2|lpm_mux1:inst6|lpm_mux:LPM_MUX_component|mux_o4e:auto_generated|_~21             ; out0             ;
; |Lab2|lpm_mux1:inst6|lpm_mux:LPM_MUX_component|mux_o4e:auto_generated|_~26             ; |Lab2|lpm_mux1:inst6|lpm_mux:LPM_MUX_component|mux_o4e:auto_generated|_~26             ; out0             ;
; |Lab2|lpm_mux1:inst6|lpm_mux:LPM_MUX_component|mux_o4e:auto_generated|_~29             ; |Lab2|lpm_mux1:inst6|lpm_mux:LPM_MUX_component|mux_o4e:auto_generated|_~29             ; out0             ;
; |Lab2|lpm_mux1:inst6|lpm_mux:LPM_MUX_component|mux_o4e:auto_generated|_~31             ; |Lab2|lpm_mux1:inst6|lpm_mux:LPM_MUX_component|mux_o4e:auto_generated|_~31             ; out0             ;
; |Lab2|lpm_mux1:inst6|lpm_mux:LPM_MUX_component|mux_o4e:auto_generated|_~35             ; |Lab2|lpm_mux1:inst6|lpm_mux:LPM_MUX_component|mux_o4e:auto_generated|_~35             ; out0             ;
; |Lab2|lpm_mux1:inst6|lpm_mux:LPM_MUX_component|mux_o4e:auto_generated|_~38             ; |Lab2|lpm_mux1:inst6|lpm_mux:LPM_MUX_component|mux_o4e:auto_generated|_~38             ; out0             ;
; |Lab2|lpm_mux1:inst6|lpm_mux:LPM_MUX_component|mux_o4e:auto_generated|_~41             ; |Lab2|lpm_mux1:inst6|lpm_mux:LPM_MUX_component|mux_o4e:auto_generated|_~41             ; out0             ;
; |Lab2|lpm_mux1:inst6|lpm_mux:LPM_MUX_component|mux_o4e:auto_generated|_~42             ; |Lab2|lpm_mux1:inst6|lpm_mux:LPM_MUX_component|mux_o4e:auto_generated|_~42             ; out0             ;
; |Lab2|lpm_mux1:inst6|lpm_mux:LPM_MUX_component|mux_o4e:auto_generated|_~44             ; |Lab2|lpm_mux1:inst6|lpm_mux:LPM_MUX_component|mux_o4e:auto_generated|_~44             ; out0             ;
; |Lab2|lpm_mux1:inst6|lpm_mux:LPM_MUX_component|mux_o4e:auto_generated|_~46             ; |Lab2|lpm_mux1:inst6|lpm_mux:LPM_MUX_component|mux_o4e:auto_generated|_~46             ; out0             ;
; |Lab2|lpm_mux1:inst6|lpm_mux:LPM_MUX_component|mux_o4e:auto_generated|_~56             ; |Lab2|lpm_mux1:inst6|lpm_mux:LPM_MUX_component|mux_o4e:auto_generated|_~56             ; out0             ;
; |Lab2|lpm_mux1:inst6|lpm_mux:LPM_MUX_component|mux_o4e:auto_generated|_~67             ; |Lab2|lpm_mux1:inst6|lpm_mux:LPM_MUX_component|mux_o4e:auto_generated|_~67             ; out0             ;
; |Lab2|lpm_mux1:inst6|lpm_mux:LPM_MUX_component|mux_o4e:auto_generated|_~68             ; |Lab2|lpm_mux1:inst6|lpm_mux:LPM_MUX_component|mux_o4e:auto_generated|_~68             ; out0             ;
; |Lab2|lpm_mux1:inst6|lpm_mux:LPM_MUX_component|mux_o4e:auto_generated|_~69             ; |Lab2|lpm_mux1:inst6|lpm_mux:LPM_MUX_component|mux_o4e:auto_generated|_~69             ; out0             ;
; |Lab2|lpm_mux1:inst6|lpm_mux:LPM_MUX_component|mux_o4e:auto_generated|_~70             ; |Lab2|lpm_mux1:inst6|lpm_mux:LPM_MUX_component|mux_o4e:auto_generated|_~70             ; out0             ;
; |Lab2|lpm_mux1:inst6|lpm_mux:LPM_MUX_component|mux_o4e:auto_generated|result_node[0]~0 ; |Lab2|lpm_mux1:inst6|lpm_mux:LPM_MUX_component|mux_o4e:auto_generated|result_node[0]~0 ; out0             ;
; |Lab2|lpm_mux1:inst6|lpm_mux:LPM_MUX_component|mux_o4e:auto_generated|_~76             ; |Lab2|lpm_mux1:inst6|lpm_mux:LPM_MUX_component|mux_o4e:auto_generated|_~76             ; out0             ;
; |Lab2|lpm_mux1:inst6|lpm_mux:LPM_MUX_component|mux_o4e:auto_generated|_~79             ; |Lab2|lpm_mux1:inst6|lpm_mux:LPM_MUX_component|mux_o4e:auto_generated|_~79             ; out0             ;
; |Lab2|lpm_mux1:inst6|lpm_mux:LPM_MUX_component|mux_o4e:auto_generated|_~81             ; |Lab2|lpm_mux1:inst6|lpm_mux:LPM_MUX_component|mux_o4e:auto_generated|_~81             ; out0             ;
; |Lab2|lpm_mux1:inst6|lpm_mux:LPM_MUX_component|mux_o4e:auto_generated|_~85             ; |Lab2|lpm_mux1:inst6|lpm_mux:LPM_MUX_component|mux_o4e:auto_generated|_~85             ; out0             ;
; |Lab2|lpm_mux1:inst6|lpm_mux:LPM_MUX_component|mux_o4e:auto_generated|_~88             ; |Lab2|lpm_mux1:inst6|lpm_mux:LPM_MUX_component|mux_o4e:auto_generated|_~88             ; out0             ;
; |Lab2|lpm_mux1:inst6|lpm_mux:LPM_MUX_component|mux_o4e:auto_generated|_~91             ; |Lab2|lpm_mux1:inst6|lpm_mux:LPM_MUX_component|mux_o4e:auto_generated|_~91             ; out0             ;
; |Lab2|lpm_mux1:inst6|lpm_mux:LPM_MUX_component|mux_o4e:auto_generated|_~92             ; |Lab2|lpm_mux1:inst6|lpm_mux:LPM_MUX_component|mux_o4e:auto_generated|_~92             ; out0             ;
; |Lab2|lpm_mux1:inst6|lpm_mux:LPM_MUX_component|mux_o4e:auto_generated|_~94             ; |Lab2|lpm_mux1:inst6|lpm_mux:LPM_MUX_component|mux_o4e:auto_generated|_~94             ; out0             ;
; |Lab2|lpm_mux1:inst6|lpm_mux:LPM_MUX_component|mux_o4e:auto_generated|_~96             ; |Lab2|lpm_mux1:inst6|lpm_mux:LPM_MUX_component|mux_o4e:auto_generated|_~96             ; out0             ;
; |Lab2|lpm_mux1:inst6|lpm_mux:LPM_MUX_component|mux_o4e:auto_generated|_~106            ; |Lab2|lpm_mux1:inst6|lpm_mux:LPM_MUX_component|mux_o4e:auto_generated|_~106            ; out0             ;
; |Lab2|lpm_mux1:inst6|lpm_mux:LPM_MUX_component|mux_o4e:auto_generated|_~117            ; |Lab2|lpm_mux1:inst6|lpm_mux:LPM_MUX_component|mux_o4e:auto_generated|_~117            ; out0             ;
; |Lab2|lpm_mux1:inst6|lpm_mux:LPM_MUX_component|mux_o4e:auto_generated|_~118            ; |Lab2|lpm_mux1:inst6|lpm_mux:LPM_MUX_component|mux_o4e:auto_generated|_~118            ; out0             ;
; |Lab2|lpm_mux1:inst6|lpm_mux:LPM_MUX_component|mux_o4e:auto_generated|_~119            ; |Lab2|lpm_mux1:inst6|lpm_mux:LPM_MUX_component|mux_o4e:auto_generated|_~119            ; out0             ;
; |Lab2|lpm_mux1:inst6|lpm_mux:LPM_MUX_component|mux_o4e:auto_generated|_~120            ; |Lab2|lpm_mux1:inst6|lpm_mux:LPM_MUX_component|mux_o4e:auto_generated|_~120            ; out0             ;
; |Lab2|lpm_mux1:inst6|lpm_mux:LPM_MUX_component|mux_o4e:auto_generated|_~125            ; |Lab2|lpm_mux1:inst6|lpm_mux:LPM_MUX_component|mux_o4e:auto_generated|_~125            ; out0             ;
; |Lab2|lpm_mux1:inst6|lpm_mux:LPM_MUX_component|mux_o4e:auto_generated|_~127            ; |Lab2|lpm_mux1:inst6|lpm_mux:LPM_MUX_component|mux_o4e:auto_generated|_~127            ; out0             ;
; |Lab2|lpm_mux1:inst6|lpm_mux:LPM_MUX_component|mux_o4e:auto_generated|_~128            ; |Lab2|lpm_mux1:inst6|lpm_mux:LPM_MUX_component|mux_o4e:auto_generated|_~128            ; out0             ;
; |Lab2|lpm_mux1:inst6|lpm_mux:LPM_MUX_component|mux_o4e:auto_generated|_~130            ; |Lab2|lpm_mux1:inst6|lpm_mux:LPM_MUX_component|mux_o4e:auto_generated|_~130            ; out0             ;
; |Lab2|lpm_mux1:inst6|lpm_mux:LPM_MUX_component|mux_o4e:auto_generated|_~134            ; |Lab2|lpm_mux1:inst6|lpm_mux:LPM_MUX_component|mux_o4e:auto_generated|_~134            ; out0             ;
; |Lab2|lpm_mux1:inst6|lpm_mux:LPM_MUX_component|mux_o4e:auto_generated|_~136            ; |Lab2|lpm_mux1:inst6|lpm_mux:LPM_MUX_component|mux_o4e:auto_generated|_~136            ; out0             ;
; |Lab2|lpm_mux1:inst6|lpm_mux:LPM_MUX_component|mux_o4e:auto_generated|_~137            ; |Lab2|lpm_mux1:inst6|lpm_mux:LPM_MUX_component|mux_o4e:auto_generated|_~137            ; out0             ;
; |Lab2|lpm_mux1:inst6|lpm_mux:LPM_MUX_component|mux_o4e:auto_generated|_~140            ; |Lab2|lpm_mux1:inst6|lpm_mux:LPM_MUX_component|mux_o4e:auto_generated|_~140            ; out0             ;
; |Lab2|lpm_mux1:inst6|lpm_mux:LPM_MUX_component|mux_o4e:auto_generated|_~141            ; |Lab2|lpm_mux1:inst6|lpm_mux:LPM_MUX_component|mux_o4e:auto_generated|_~141            ; out0             ;
; |Lab2|lpm_mux1:inst6|lpm_mux:LPM_MUX_component|mux_o4e:auto_generated|_~143            ; |Lab2|lpm_mux1:inst6|lpm_mux:LPM_MUX_component|mux_o4e:auto_generated|_~143            ; out0             ;
; |Lab2|lpm_mux1:inst6|lpm_mux:LPM_MUX_component|mux_o4e:auto_generated|result_node[0]~1 ; |Lab2|lpm_mux1:inst6|lpm_mux:LPM_MUX_component|mux_o4e:auto_generated|result_node[0]~1 ; out0             ;
; |Lab2|lpm_mux1:inst6|lpm_mux:LPM_MUX_component|mux_o4e:auto_generated|result_node[0]   ; |Lab2|lpm_mux1:inst6|lpm_mux:LPM_MUX_component|mux_o4e:auto_generated|result_node[0]   ; out0             ;
; |Lab2|lpm_mux1:inst5|lpm_mux:LPM_MUX_component|mux_o4e:auto_generated|_~4              ; |Lab2|lpm_mux1:inst5|lpm_mux:LPM_MUX_component|mux_o4e:auto_generated|_~4              ; out0             ;
; |Lab2|lpm_mux1:inst5|lpm_mux:LPM_MUX_component|mux_o4e:auto_generated|_~7              ; |Lab2|lpm_mux1:inst5|lpm_mux:LPM_MUX_component|mux_o4e:auto_generated|_~7              ; out0             ;
; |Lab2|lpm_mux1:inst5|lpm_mux:LPM_MUX_component|mux_o4e:auto_generated|_~9              ; |Lab2|lpm_mux1:inst5|lpm_mux:LPM_MUX_component|mux_o4e:auto_generated|_~9              ; out0             ;
; |Lab2|lpm_mux1:inst5|lpm_mux:LPM_MUX_component|mux_o4e:auto_generated|_~13             ; |Lab2|lpm_mux1:inst5|lpm_mux:LPM_MUX_component|mux_o4e:auto_generated|_~13             ; out0             ;
; |Lab2|lpm_mux1:inst5|lpm_mux:LPM_MUX_component|mux_o4e:auto_generated|_~16             ; |Lab2|lpm_mux1:inst5|lpm_mux:LPM_MUX_component|mux_o4e:auto_generated|_~16             ; out0             ;
; |Lab2|lpm_mux1:inst5|lpm_mux:LPM_MUX_component|mux_o4e:auto_generated|_~20             ; |Lab2|lpm_mux1:inst5|lpm_mux:LPM_MUX_component|mux_o4e:auto_generated|_~20             ; out0             ;
; |Lab2|lpm_mux1:inst5|lpm_mux:LPM_MUX_component|mux_o4e:auto_generated|_~21             ; |Lab2|lpm_mux1:inst5|lpm_mux:LPM_MUX_component|mux_o4e:auto_generated|_~21             ; out0             ;
; |Lab2|lpm_mux1:inst5|lpm_mux:LPM_MUX_component|mux_o4e:auto_generated|_~26             ; |Lab2|lpm_mux1:inst5|lpm_mux:LPM_MUX_component|mux_o4e:auto_generated|_~26             ; out0             ;
; |Lab2|lpm_mux1:inst5|lpm_mux:LPM_MUX_component|mux_o4e:auto_generated|_~28             ; |Lab2|lpm_mux1:inst5|lpm_mux:LPM_MUX_component|mux_o4e:auto_generated|_~28             ; out0             ;
; |Lab2|lpm_mux1:inst5|lpm_mux:LPM_MUX_component|mux_o4e:auto_generated|_~29             ; |Lab2|lpm_mux1:inst5|lpm_mux:LPM_MUX_component|mux_o4e:auto_generated|_~29             ; out0             ;
; |Lab2|lpm_mux1:inst5|lpm_mux:LPM_MUX_component|mux_o4e:auto_generated|_~31             ; |Lab2|lpm_mux1:inst5|lpm_mux:LPM_MUX_component|mux_o4e:auto_generated|_~31             ; out0             ;
; |Lab2|lpm_mux1:inst5|lpm_mux:LPM_MUX_component|mux_o4e:auto_generated|_~35             ; |Lab2|lpm_mux1:inst5|lpm_mux:LPM_MUX_component|mux_o4e:auto_generated|_~35             ; out0             ;
; |Lab2|lpm_mux1:inst5|lpm_mux:LPM_MUX_component|mux_o4e:auto_generated|_~37             ; |Lab2|lpm_mux1:inst5|lpm_mux:LPM_MUX_component|mux_o4e:auto_generated|_~37             ; out0             ;
; |Lab2|lpm_mux1:inst5|lpm_mux:LPM_MUX_component|mux_o4e:auto_generated|_~38             ; |Lab2|lpm_mux1:inst5|lpm_mux:LPM_MUX_component|mux_o4e:auto_generated|_~38             ; out0             ;
; |Lab2|lpm_mux1:inst5|lpm_mux:LPM_MUX_component|mux_o4e:auto_generated|_~42             ; |Lab2|lpm_mux1:inst5|lpm_mux:LPM_MUX_component|mux_o4e:auto_generated|_~42             ; out0             ;
; |Lab2|lpm_mux1:inst5|lpm_mux:LPM_MUX_component|mux_o4e:auto_generated|_~44             ; |Lab2|lpm_mux1:inst5|lpm_mux:LPM_MUX_component|mux_o4e:auto_generated|_~44             ; out0             ;
; |Lab2|lpm_mux1:inst5|lpm_mux:LPM_MUX_component|mux_o4e:auto_generated|_~46             ; |Lab2|lpm_mux1:inst5|lpm_mux:LPM_MUX_component|mux_o4e:auto_generated|_~46             ; out0             ;
; |Lab2|lpm_mux1:inst5|lpm_mux:LPM_MUX_component|mux_o4e:auto_generated|_~56             ; |Lab2|lpm_mux1:inst5|lpm_mux:LPM_MUX_component|mux_o4e:auto_generated|_~56             ; out0             ;
; |Lab2|lpm_mux1:inst5|lpm_mux:LPM_MUX_component|mux_o4e:auto_generated|_~67             ; |Lab2|lpm_mux1:inst5|lpm_mux:LPM_MUX_component|mux_o4e:auto_generated|_~67             ; out0             ;
; |Lab2|lpm_mux1:inst5|lpm_mux:LPM_MUX_component|mux_o4e:auto_generated|_~68             ; |Lab2|lpm_mux1:inst5|lpm_mux:LPM_MUX_component|mux_o4e:auto_generated|_~68             ; out0             ;
; |Lab2|lpm_mux1:inst5|lpm_mux:LPM_MUX_component|mux_o4e:auto_generated|_~69             ; |Lab2|lpm_mux1:inst5|lpm_mux:LPM_MUX_component|mux_o4e:auto_generated|_~69             ; out0             ;
; |Lab2|lpm_mux1:inst5|lpm_mux:LPM_MUX_component|mux_o4e:auto_generated|_~70             ; |Lab2|lpm_mux1:inst5|lpm_mux:LPM_MUX_component|mux_o4e:auto_generated|_~70             ; out0             ;
; |Lab2|lpm_mux1:inst5|lpm_mux:LPM_MUX_component|mux_o4e:auto_generated|result_node[0]~0 ; |Lab2|lpm_mux1:inst5|lpm_mux:LPM_MUX_component|mux_o4e:auto_generated|result_node[0]~0 ; out0             ;
; |Lab2|lpm_mux1:inst5|lpm_mux:LPM_MUX_component|mux_o4e:auto_generated|_~76             ; |Lab2|lpm_mux1:inst5|lpm_mux:LPM_MUX_component|mux_o4e:auto_generated|_~76             ; out0             ;
; |Lab2|lpm_mux1:inst5|lpm_mux:LPM_MUX_component|mux_o4e:auto_generated|_~78             ; |Lab2|lpm_mux1:inst5|lpm_mux:LPM_MUX_component|mux_o4e:auto_generated|_~78             ; out0             ;
; |Lab2|lpm_mux1:inst5|lpm_mux:LPM_MUX_component|mux_o4e:auto_generated|_~79             ; |Lab2|lpm_mux1:inst5|lpm_mux:LPM_MUX_component|mux_o4e:auto_generated|_~79             ; out0             ;
; |Lab2|lpm_mux1:inst5|lpm_mux:LPM_MUX_component|mux_o4e:auto_generated|_~81             ; |Lab2|lpm_mux1:inst5|lpm_mux:LPM_MUX_component|mux_o4e:auto_generated|_~81             ; out0             ;
; |Lab2|lpm_mux1:inst5|lpm_mux:LPM_MUX_component|mux_o4e:auto_generated|_~85             ; |Lab2|lpm_mux1:inst5|lpm_mux:LPM_MUX_component|mux_o4e:auto_generated|_~85             ; out0             ;
; |Lab2|lpm_mux1:inst5|lpm_mux:LPM_MUX_component|mux_o4e:auto_generated|_~87             ; |Lab2|lpm_mux1:inst5|lpm_mux:LPM_MUX_component|mux_o4e:auto_generated|_~87             ; out0             ;
; |Lab2|lpm_mux1:inst5|lpm_mux:LPM_MUX_component|mux_o4e:auto_generated|_~88             ; |Lab2|lpm_mux1:inst5|lpm_mux:LPM_MUX_component|mux_o4e:auto_generated|_~88             ; out0             ;
; |Lab2|lpm_mux1:inst5|lpm_mux:LPM_MUX_component|mux_o4e:auto_generated|_~92             ; |Lab2|lpm_mux1:inst5|lpm_mux:LPM_MUX_component|mux_o4e:auto_generated|_~92             ; out0             ;
; |Lab2|lpm_mux1:inst5|lpm_mux:LPM_MUX_component|mux_o4e:auto_generated|_~94             ; |Lab2|lpm_mux1:inst5|lpm_mux:LPM_MUX_component|mux_o4e:auto_generated|_~94             ; out0             ;
; |Lab2|lpm_mux1:inst5|lpm_mux:LPM_MUX_component|mux_o4e:auto_generated|_~96             ; |Lab2|lpm_mux1:inst5|lpm_mux:LPM_MUX_component|mux_o4e:auto_generated|_~96             ; out0             ;
; |Lab2|lpm_mux1:inst5|lpm_mux:LPM_MUX_component|mux_o4e:auto_generated|_~106            ; |Lab2|lpm_mux1:inst5|lpm_mux:LPM_MUX_component|mux_o4e:auto_generated|_~106            ; out0             ;
; |Lab2|lpm_mux1:inst5|lpm_mux:LPM_MUX_component|mux_o4e:auto_generated|_~117            ; |Lab2|lpm_mux1:inst5|lpm_mux:LPM_MUX_component|mux_o4e:auto_generated|_~117            ; out0             ;
; |Lab2|lpm_mux1:inst5|lpm_mux:LPM_MUX_component|mux_o4e:auto_generated|_~118            ; |Lab2|lpm_mux1:inst5|lpm_mux:LPM_MUX_component|mux_o4e:auto_generated|_~118            ; out0             ;
; |Lab2|lpm_mux1:inst5|lpm_mux:LPM_MUX_component|mux_o4e:auto_generated|_~119            ; |Lab2|lpm_mux1:inst5|lpm_mux:LPM_MUX_component|mux_o4e:auto_generated|_~119            ; out0             ;
; |Lab2|lpm_mux1:inst5|lpm_mux:LPM_MUX_component|mux_o4e:auto_generated|_~120            ; |Lab2|lpm_mux1:inst5|lpm_mux:LPM_MUX_component|mux_o4e:auto_generated|_~120            ; out0             ;
; |Lab2|lpm_mux1:inst5|lpm_mux:LPM_MUX_component|mux_o4e:auto_generated|_~136            ; |Lab2|lpm_mux1:inst5|lpm_mux:LPM_MUX_component|mux_o4e:auto_generated|_~136            ; out0             ;
; |Lab2|lpm_mux1:inst5|lpm_mux:LPM_MUX_component|mux_o4e:auto_generated|_~143            ; |Lab2|lpm_mux1:inst5|lpm_mux:LPM_MUX_component|mux_o4e:auto_generated|_~143            ; out0             ;
; |Lab2|lpm_mux1:inst5|lpm_mux:LPM_MUX_component|mux_o4e:auto_generated|result_node[0]~1 ; |Lab2|lpm_mux1:inst5|lpm_mux:LPM_MUX_component|mux_o4e:auto_generated|result_node[0]~1 ; out0             ;
; |Lab2|lpm_mux1:inst5|lpm_mux:LPM_MUX_component|mux_o4e:auto_generated|result_node[0]   ; |Lab2|lpm_mux1:inst5|lpm_mux:LPM_MUX_component|mux_o4e:auto_generated|result_node[0]   ; out0             ;
; |Lab2|lpm_mux1:inst4|lpm_mux:LPM_MUX_component|mux_o4e:auto_generated|_~4              ; |Lab2|lpm_mux1:inst4|lpm_mux:LPM_MUX_component|mux_o4e:auto_generated|_~4              ; out0             ;
; |Lab2|lpm_mux1:inst4|lpm_mux:LPM_MUX_component|mux_o4e:auto_generated|_~6              ; |Lab2|lpm_mux1:inst4|lpm_mux:LPM_MUX_component|mux_o4e:auto_generated|_~6              ; out0             ;
; |Lab2|lpm_mux1:inst4|lpm_mux:LPM_MUX_component|mux_o4e:auto_generated|_~7              ; |Lab2|lpm_mux1:inst4|lpm_mux:LPM_MUX_component|mux_o4e:auto_generated|_~7              ; out0             ;
; |Lab2|lpm_mux1:inst4|lpm_mux:LPM_MUX_component|mux_o4e:auto_generated|_~9              ; |Lab2|lpm_mux1:inst4|lpm_mux:LPM_MUX_component|mux_o4e:auto_generated|_~9              ; out0             ;
; |Lab2|lpm_mux1:inst4|lpm_mux:LPM_MUX_component|mux_o4e:auto_generated|_~13             ; |Lab2|lpm_mux1:inst4|lpm_mux:LPM_MUX_component|mux_o4e:auto_generated|_~13             ; out0             ;
; |Lab2|lpm_mux1:inst4|lpm_mux:LPM_MUX_component|mux_o4e:auto_generated|_~15             ; |Lab2|lpm_mux1:inst4|lpm_mux:LPM_MUX_component|mux_o4e:auto_generated|_~15             ; out0             ;
; |Lab2|lpm_mux1:inst4|lpm_mux:LPM_MUX_component|mux_o4e:auto_generated|_~16             ; |Lab2|lpm_mux1:inst4|lpm_mux:LPM_MUX_component|mux_o4e:auto_generated|_~16             ; out0             ;
; |Lab2|lpm_mux1:inst4|lpm_mux:LPM_MUX_component|mux_o4e:auto_generated|_~20             ; |Lab2|lpm_mux1:inst4|lpm_mux:LPM_MUX_component|mux_o4e:auto_generated|_~20             ; out0             ;
; |Lab2|lpm_mux1:inst4|lpm_mux:LPM_MUX_component|mux_o4e:auto_generated|_~21             ; |Lab2|lpm_mux1:inst4|lpm_mux:LPM_MUX_component|mux_o4e:auto_generated|_~21             ; out0             ;
; |Lab2|lpm_mux1:inst4|lpm_mux:LPM_MUX_component|mux_o4e:auto_generated|_~26             ; |Lab2|lpm_mux1:inst4|lpm_mux:LPM_MUX_component|mux_o4e:auto_generated|_~26             ; out0             ;
; |Lab2|lpm_mux1:inst4|lpm_mux:LPM_MUX_component|mux_o4e:auto_generated|_~29             ; |Lab2|lpm_mux1:inst4|lpm_mux:LPM_MUX_component|mux_o4e:auto_generated|_~29             ; out0             ;
; |Lab2|lpm_mux1:inst4|lpm_mux:LPM_MUX_component|mux_o4e:auto_generated|_~31             ; |Lab2|lpm_mux1:inst4|lpm_mux:LPM_MUX_component|mux_o4e:auto_generated|_~31             ; out0             ;
; |Lab2|lpm_mux1:inst4|lpm_mux:LPM_MUX_component|mux_o4e:auto_generated|_~35             ; |Lab2|lpm_mux1:inst4|lpm_mux:LPM_MUX_component|mux_o4e:auto_generated|_~35             ; out0             ;
; |Lab2|lpm_mux1:inst4|lpm_mux:LPM_MUX_component|mux_o4e:auto_generated|_~38             ; |Lab2|lpm_mux1:inst4|lpm_mux:LPM_MUX_component|mux_o4e:auto_generated|_~38             ; out0             ;
; |Lab2|lpm_mux1:inst4|lpm_mux:LPM_MUX_component|mux_o4e:auto_generated|_~42             ; |Lab2|lpm_mux1:inst4|lpm_mux:LPM_MUX_component|mux_o4e:auto_generated|_~42             ; out0             ;
; |Lab2|lpm_mux1:inst4|lpm_mux:LPM_MUX_component|mux_o4e:auto_generated|_~44             ; |Lab2|lpm_mux1:inst4|lpm_mux:LPM_MUX_component|mux_o4e:auto_generated|_~44             ; out0             ;
; |Lab2|lpm_mux1:inst4|lpm_mux:LPM_MUX_component|mux_o4e:auto_generated|_~46             ; |Lab2|lpm_mux1:inst4|lpm_mux:LPM_MUX_component|mux_o4e:auto_generated|_~46             ; out0             ;
; |Lab2|lpm_mux1:inst4|lpm_mux:LPM_MUX_component|mux_o4e:auto_generated|_~53             ; |Lab2|lpm_mux1:inst4|lpm_mux:LPM_MUX_component|mux_o4e:auto_generated|_~53             ; out0             ;
; |Lab2|lpm_mux1:inst4|lpm_mux:LPM_MUX_component|mux_o4e:auto_generated|_~56             ; |Lab2|lpm_mux1:inst4|lpm_mux:LPM_MUX_component|mux_o4e:auto_generated|_~56             ; out0             ;
; |Lab2|lpm_mux1:inst4|lpm_mux:LPM_MUX_component|mux_o4e:auto_generated|_~62             ; |Lab2|lpm_mux1:inst4|lpm_mux:LPM_MUX_component|mux_o4e:auto_generated|_~62             ; out0             ;
; |Lab2|lpm_mux1:inst4|lpm_mux:LPM_MUX_component|mux_o4e:auto_generated|_~67             ; |Lab2|lpm_mux1:inst4|lpm_mux:LPM_MUX_component|mux_o4e:auto_generated|_~67             ; out0             ;
; |Lab2|lpm_mux1:inst4|lpm_mux:LPM_MUX_component|mux_o4e:auto_generated|_~68             ; |Lab2|lpm_mux1:inst4|lpm_mux:LPM_MUX_component|mux_o4e:auto_generated|_~68             ; out0             ;
; |Lab2|lpm_mux1:inst4|lpm_mux:LPM_MUX_component|mux_o4e:auto_generated|_~69             ; |Lab2|lpm_mux1:inst4|lpm_mux:LPM_MUX_component|mux_o4e:auto_generated|_~69             ; out0             ;
; |Lab2|lpm_mux1:inst4|lpm_mux:LPM_MUX_component|mux_o4e:auto_generated|_~70             ; |Lab2|lpm_mux1:inst4|lpm_mux:LPM_MUX_component|mux_o4e:auto_generated|_~70             ; out0             ;
; |Lab2|lpm_mux1:inst4|lpm_mux:LPM_MUX_component|mux_o4e:auto_generated|result_node[0]~0 ; |Lab2|lpm_mux1:inst4|lpm_mux:LPM_MUX_component|mux_o4e:auto_generated|result_node[0]~0 ; out0             ;
; |Lab2|lpm_mux1:inst4|lpm_mux:LPM_MUX_component|mux_o4e:auto_generated|_~76             ; |Lab2|lpm_mux1:inst4|lpm_mux:LPM_MUX_component|mux_o4e:auto_generated|_~76             ; out0             ;
; |Lab2|lpm_mux1:inst4|lpm_mux:LPM_MUX_component|mux_o4e:auto_generated|_~79             ; |Lab2|lpm_mux1:inst4|lpm_mux:LPM_MUX_component|mux_o4e:auto_generated|_~79             ; out0             ;
; |Lab2|lpm_mux1:inst4|lpm_mux:LPM_MUX_component|mux_o4e:auto_generated|_~81             ; |Lab2|lpm_mux1:inst4|lpm_mux:LPM_MUX_component|mux_o4e:auto_generated|_~81             ; out0             ;
; |Lab2|lpm_mux1:inst4|lpm_mux:LPM_MUX_component|mux_o4e:auto_generated|_~85             ; |Lab2|lpm_mux1:inst4|lpm_mux:LPM_MUX_component|mux_o4e:auto_generated|_~85             ; out0             ;
; |Lab2|lpm_mux1:inst4|lpm_mux:LPM_MUX_component|mux_o4e:auto_generated|_~88             ; |Lab2|lpm_mux1:inst4|lpm_mux:LPM_MUX_component|mux_o4e:auto_generated|_~88             ; out0             ;
; |Lab2|lpm_mux1:inst4|lpm_mux:LPM_MUX_component|mux_o4e:auto_generated|_~92             ; |Lab2|lpm_mux1:inst4|lpm_mux:LPM_MUX_component|mux_o4e:auto_generated|_~92             ; out0             ;
; |Lab2|lpm_mux1:inst4|lpm_mux:LPM_MUX_component|mux_o4e:auto_generated|_~94             ; |Lab2|lpm_mux1:inst4|lpm_mux:LPM_MUX_component|mux_o4e:auto_generated|_~94             ; out0             ;
; |Lab2|lpm_mux1:inst4|lpm_mux:LPM_MUX_component|mux_o4e:auto_generated|_~96             ; |Lab2|lpm_mux1:inst4|lpm_mux:LPM_MUX_component|mux_o4e:auto_generated|_~96             ; out0             ;
; |Lab2|lpm_mux1:inst4|lpm_mux:LPM_MUX_component|mux_o4e:auto_generated|_~103            ; |Lab2|lpm_mux1:inst4|lpm_mux:LPM_MUX_component|mux_o4e:auto_generated|_~103            ; out0             ;
; |Lab2|lpm_mux1:inst4|lpm_mux:LPM_MUX_component|mux_o4e:auto_generated|_~106            ; |Lab2|lpm_mux1:inst4|lpm_mux:LPM_MUX_component|mux_o4e:auto_generated|_~106            ; out0             ;
; |Lab2|lpm_mux1:inst4|lpm_mux:LPM_MUX_component|mux_o4e:auto_generated|_~112            ; |Lab2|lpm_mux1:inst4|lpm_mux:LPM_MUX_component|mux_o4e:auto_generated|_~112            ; out0             ;
; |Lab2|lpm_mux1:inst4|lpm_mux:LPM_MUX_component|mux_o4e:auto_generated|_~117            ; |Lab2|lpm_mux1:inst4|lpm_mux:LPM_MUX_component|mux_o4e:auto_generated|_~117            ; out0             ;
; |Lab2|lpm_mux1:inst4|lpm_mux:LPM_MUX_component|mux_o4e:auto_generated|_~118            ; |Lab2|lpm_mux1:inst4|lpm_mux:LPM_MUX_component|mux_o4e:auto_generated|_~118            ; out0             ;
; |Lab2|lpm_mux1:inst4|lpm_mux:LPM_MUX_component|mux_o4e:auto_generated|_~119            ; |Lab2|lpm_mux1:inst4|lpm_mux:LPM_MUX_component|mux_o4e:auto_generated|_~119            ; out0             ;
; |Lab2|lpm_mux1:inst4|lpm_mux:LPM_MUX_component|mux_o4e:auto_generated|_~120            ; |Lab2|lpm_mux1:inst4|lpm_mux:LPM_MUX_component|mux_o4e:auto_generated|_~120            ; out0             ;
; |Lab2|lpm_mux1:inst4|lpm_mux:LPM_MUX_component|mux_o4e:auto_generated|_~127            ; |Lab2|lpm_mux1:inst4|lpm_mux:LPM_MUX_component|mux_o4e:auto_generated|_~127            ; out0             ;
; |Lab2|lpm_mux1:inst4|lpm_mux:LPM_MUX_component|mux_o4e:auto_generated|_~130            ; |Lab2|lpm_mux1:inst4|lpm_mux:LPM_MUX_component|mux_o4e:auto_generated|_~130            ; out0             ;
; |Lab2|lpm_mux1:inst4|lpm_mux:LPM_MUX_component|mux_o4e:auto_generated|_~136            ; |Lab2|lpm_mux1:inst4|lpm_mux:LPM_MUX_component|mux_o4e:auto_generated|_~136            ; out0             ;
; |Lab2|lpm_mux1:inst4|lpm_mux:LPM_MUX_component|mux_o4e:auto_generated|_~141            ; |Lab2|lpm_mux1:inst4|lpm_mux:LPM_MUX_component|mux_o4e:auto_generated|_~141            ; out0             ;
; |Lab2|lpm_mux1:inst4|lpm_mux:LPM_MUX_component|mux_o4e:auto_generated|_~143            ; |Lab2|lpm_mux1:inst4|lpm_mux:LPM_MUX_component|mux_o4e:auto_generated|_~143            ; out0             ;
; |Lab2|lpm_mux1:inst4|lpm_mux:LPM_MUX_component|mux_o4e:auto_generated|result_node[0]~1 ; |Lab2|lpm_mux1:inst4|lpm_mux:LPM_MUX_component|mux_o4e:auto_generated|result_node[0]~1 ; out0             ;
; |Lab2|lpm_mux1:inst4|lpm_mux:LPM_MUX_component|mux_o4e:auto_generated|result_node[0]   ; |Lab2|lpm_mux1:inst4|lpm_mux:LPM_MUX_component|mux_o4e:auto_generated|result_node[0]   ; out0             ;
; |Lab2|lpm_mux1:inst2|lpm_mux:LPM_MUX_component|mux_o4e:auto_generated|_~13             ; |Lab2|lpm_mux1:inst2|lpm_mux:LPM_MUX_component|mux_o4e:auto_generated|_~13             ; out0             ;
; |Lab2|lpm_mux1:inst2|lpm_mux:LPM_MUX_component|mux_o4e:auto_generated|_~16             ; |Lab2|lpm_mux1:inst2|lpm_mux:LPM_MUX_component|mux_o4e:auto_generated|_~16             ; out0             ;
; |Lab2|lpm_mux1:inst2|lpm_mux:LPM_MUX_component|mux_o4e:auto_generated|_~21             ; |Lab2|lpm_mux1:inst2|lpm_mux:LPM_MUX_component|mux_o4e:auto_generated|_~21             ; out0             ;
; |Lab2|lpm_mux1:inst2|lpm_mux:LPM_MUX_component|mux_o4e:auto_generated|_~31             ; |Lab2|lpm_mux1:inst2|lpm_mux:LPM_MUX_component|mux_o4e:auto_generated|_~31             ; out0             ;
; |Lab2|lpm_mux1:inst2|lpm_mux:LPM_MUX_component|mux_o4e:auto_generated|_~42             ; |Lab2|lpm_mux1:inst2|lpm_mux:LPM_MUX_component|mux_o4e:auto_generated|_~42             ; out0             ;
; |Lab2|lpm_mux1:inst2|lpm_mux:LPM_MUX_component|mux_o4e:auto_generated|_~44             ; |Lab2|lpm_mux1:inst2|lpm_mux:LPM_MUX_component|mux_o4e:auto_generated|_~44             ; out0             ;
; |Lab2|lpm_mux1:inst2|lpm_mux:LPM_MUX_component|mux_o4e:auto_generated|_~46             ; |Lab2|lpm_mux1:inst2|lpm_mux:LPM_MUX_component|mux_o4e:auto_generated|_~46             ; out0             ;
; |Lab2|lpm_mux1:inst2|lpm_mux:LPM_MUX_component|mux_o4e:auto_generated|_~56             ; |Lab2|lpm_mux1:inst2|lpm_mux:LPM_MUX_component|mux_o4e:auto_generated|_~56             ; out0             ;
; |Lab2|lpm_mux1:inst2|lpm_mux:LPM_MUX_component|mux_o4e:auto_generated|_~66             ; |Lab2|lpm_mux1:inst2|lpm_mux:LPM_MUX_component|mux_o4e:auto_generated|_~66             ; out0             ;
; |Lab2|lpm_mux1:inst2|lpm_mux:LPM_MUX_component|mux_o4e:auto_generated|_~67             ; |Lab2|lpm_mux1:inst2|lpm_mux:LPM_MUX_component|mux_o4e:auto_generated|_~67             ; out0             ;
; |Lab2|lpm_mux1:inst2|lpm_mux:LPM_MUX_component|mux_o4e:auto_generated|_~68             ; |Lab2|lpm_mux1:inst2|lpm_mux:LPM_MUX_component|mux_o4e:auto_generated|_~68             ; out0             ;
; |Lab2|lpm_mux1:inst2|lpm_mux:LPM_MUX_component|mux_o4e:auto_generated|_~69             ; |Lab2|lpm_mux1:inst2|lpm_mux:LPM_MUX_component|mux_o4e:auto_generated|_~69             ; out0             ;
; |Lab2|lpm_mux1:inst2|lpm_mux:LPM_MUX_component|mux_o4e:auto_generated|_~70             ; |Lab2|lpm_mux1:inst2|lpm_mux:LPM_MUX_component|mux_o4e:auto_generated|_~70             ; out0             ;
; |Lab2|lpm_mux1:inst2|lpm_mux:LPM_MUX_component|mux_o4e:auto_generated|result_node[0]~0 ; |Lab2|lpm_mux1:inst2|lpm_mux:LPM_MUX_component|mux_o4e:auto_generated|result_node[0]~0 ; out0             ;
; |Lab2|lpm_mux1:inst2|lpm_mux:LPM_MUX_component|mux_o4e:auto_generated|_~81             ; |Lab2|lpm_mux1:inst2|lpm_mux:LPM_MUX_component|mux_o4e:auto_generated|_~81             ; out0             ;
; |Lab2|lpm_mux1:inst2|lpm_mux:LPM_MUX_component|mux_o4e:auto_generated|_~92             ; |Lab2|lpm_mux1:inst2|lpm_mux:LPM_MUX_component|mux_o4e:auto_generated|_~92             ; out0             ;
; |Lab2|lpm_mux1:inst2|lpm_mux:LPM_MUX_component|mux_o4e:auto_generated|_~94             ; |Lab2|lpm_mux1:inst2|lpm_mux:LPM_MUX_component|mux_o4e:auto_generated|_~94             ; out0             ;
; |Lab2|lpm_mux1:inst2|lpm_mux:LPM_MUX_component|mux_o4e:auto_generated|_~96             ; |Lab2|lpm_mux1:inst2|lpm_mux:LPM_MUX_component|mux_o4e:auto_generated|_~96             ; out0             ;
; |Lab2|lpm_mux1:inst2|lpm_mux:LPM_MUX_component|mux_o4e:auto_generated|_~106            ; |Lab2|lpm_mux1:inst2|lpm_mux:LPM_MUX_component|mux_o4e:auto_generated|_~106            ; out0             ;
; |Lab2|lpm_mux1:inst2|lpm_mux:LPM_MUX_component|mux_o4e:auto_generated|_~116            ; |Lab2|lpm_mux1:inst2|lpm_mux:LPM_MUX_component|mux_o4e:auto_generated|_~116            ; out0             ;
; |Lab2|lpm_mux1:inst2|lpm_mux:LPM_MUX_component|mux_o4e:auto_generated|_~117            ; |Lab2|lpm_mux1:inst2|lpm_mux:LPM_MUX_component|mux_o4e:auto_generated|_~117            ; out0             ;
; |Lab2|lpm_mux1:inst2|lpm_mux:LPM_MUX_component|mux_o4e:auto_generated|_~118            ; |Lab2|lpm_mux1:inst2|lpm_mux:LPM_MUX_component|mux_o4e:auto_generated|_~118            ; out0             ;
; |Lab2|lpm_mux1:inst2|lpm_mux:LPM_MUX_component|mux_o4e:auto_generated|_~119            ; |Lab2|lpm_mux1:inst2|lpm_mux:LPM_MUX_component|mux_o4e:auto_generated|_~119            ; out0             ;
; |Lab2|lpm_mux1:inst2|lpm_mux:LPM_MUX_component|mux_o4e:auto_generated|_~120            ; |Lab2|lpm_mux1:inst2|lpm_mux:LPM_MUX_component|mux_o4e:auto_generated|_~120            ; out0             ;
; |Lab2|lpm_mux1:inst2|lpm_mux:LPM_MUX_component|mux_o4e:auto_generated|_~125            ; |Lab2|lpm_mux1:inst2|lpm_mux:LPM_MUX_component|mux_o4e:auto_generated|_~125            ; out0             ;
; |Lab2|lpm_mux1:inst2|lpm_mux:LPM_MUX_component|mux_o4e:auto_generated|_~127            ; |Lab2|lpm_mux1:inst2|lpm_mux:LPM_MUX_component|mux_o4e:auto_generated|_~127            ; out0             ;
; |Lab2|lpm_mux1:inst2|lpm_mux:LPM_MUX_component|mux_o4e:auto_generated|_~128            ; |Lab2|lpm_mux1:inst2|lpm_mux:LPM_MUX_component|mux_o4e:auto_generated|_~128            ; out0             ;
; |Lab2|lpm_mux1:inst2|lpm_mux:LPM_MUX_component|mux_o4e:auto_generated|_~130            ; |Lab2|lpm_mux1:inst2|lpm_mux:LPM_MUX_component|mux_o4e:auto_generated|_~130            ; out0             ;
; |Lab2|lpm_mux1:inst2|lpm_mux:LPM_MUX_component|mux_o4e:auto_generated|_~134            ; |Lab2|lpm_mux1:inst2|lpm_mux:LPM_MUX_component|mux_o4e:auto_generated|_~134            ; out0             ;
; |Lab2|lpm_mux1:inst2|lpm_mux:LPM_MUX_component|mux_o4e:auto_generated|_~136            ; |Lab2|lpm_mux1:inst2|lpm_mux:LPM_MUX_component|mux_o4e:auto_generated|_~136            ; out0             ;
; |Lab2|lpm_mux1:inst2|lpm_mux:LPM_MUX_component|mux_o4e:auto_generated|_~137            ; |Lab2|lpm_mux1:inst2|lpm_mux:LPM_MUX_component|mux_o4e:auto_generated|_~137            ; out0             ;
; |Lab2|lpm_mux1:inst2|lpm_mux:LPM_MUX_component|mux_o4e:auto_generated|_~141            ; |Lab2|lpm_mux1:inst2|lpm_mux:LPM_MUX_component|mux_o4e:auto_generated|_~141            ; out0             ;
; |Lab2|lpm_mux1:inst2|lpm_mux:LPM_MUX_component|mux_o4e:auto_generated|_~143            ; |Lab2|lpm_mux1:inst2|lpm_mux:LPM_MUX_component|mux_o4e:auto_generated|_~143            ; out0             ;
; |Lab2|lpm_mux1:inst2|lpm_mux:LPM_MUX_component|mux_o4e:auto_generated|result_node[0]~1 ; |Lab2|lpm_mux1:inst2|lpm_mux:LPM_MUX_component|mux_o4e:auto_generated|result_node[0]~1 ; out0             ;
; |Lab2|lpm_mux1:inst2|lpm_mux:LPM_MUX_component|mux_o4e:auto_generated|result_node[0]   ; |Lab2|lpm_mux1:inst2|lpm_mux:LPM_MUX_component|mux_o4e:auto_generated|result_node[0]   ; out0             ;
; |Lab2|lpm_mux1:inst1|lpm_mux:LPM_MUX_component|mux_o4e:auto_generated|_~4              ; |Lab2|lpm_mux1:inst1|lpm_mux:LPM_MUX_component|mux_o4e:auto_generated|_~4              ; out0             ;
; |Lab2|lpm_mux1:inst1|lpm_mux:LPM_MUX_component|mux_o4e:auto_generated|_~7              ; |Lab2|lpm_mux1:inst1|lpm_mux:LPM_MUX_component|mux_o4e:auto_generated|_~7              ; out0             ;
; |Lab2|lpm_mux1:inst1|lpm_mux:LPM_MUX_component|mux_o4e:auto_generated|_~9              ; |Lab2|lpm_mux1:inst1|lpm_mux:LPM_MUX_component|mux_o4e:auto_generated|_~9              ; out0             ;
; |Lab2|lpm_mux1:inst1|lpm_mux:LPM_MUX_component|mux_o4e:auto_generated|_~13             ; |Lab2|lpm_mux1:inst1|lpm_mux:LPM_MUX_component|mux_o4e:auto_generated|_~13             ; out0             ;
; |Lab2|lpm_mux1:inst1|lpm_mux:LPM_MUX_component|mux_o4e:auto_generated|_~16             ; |Lab2|lpm_mux1:inst1|lpm_mux:LPM_MUX_component|mux_o4e:auto_generated|_~16             ; out0             ;
; |Lab2|lpm_mux1:inst1|lpm_mux:LPM_MUX_component|mux_o4e:auto_generated|_~20             ; |Lab2|lpm_mux1:inst1|lpm_mux:LPM_MUX_component|mux_o4e:auto_generated|_~20             ; out0             ;
; |Lab2|lpm_mux1:inst1|lpm_mux:LPM_MUX_component|mux_o4e:auto_generated|_~21             ; |Lab2|lpm_mux1:inst1|lpm_mux:LPM_MUX_component|mux_o4e:auto_generated|_~21             ; out0             ;
; |Lab2|lpm_mux1:inst1|lpm_mux:LPM_MUX_component|mux_o4e:auto_generated|_~41             ; |Lab2|lpm_mux1:inst1|lpm_mux:LPM_MUX_component|mux_o4e:auto_generated|_~41             ; out0             ;
; |Lab2|lpm_mux1:inst1|lpm_mux:LPM_MUX_component|mux_o4e:auto_generated|_~44             ; |Lab2|lpm_mux1:inst1|lpm_mux:LPM_MUX_component|mux_o4e:auto_generated|_~44             ; out0             ;
; |Lab2|lpm_mux1:inst1|lpm_mux:LPM_MUX_component|mux_o4e:auto_generated|_~46             ; |Lab2|lpm_mux1:inst1|lpm_mux:LPM_MUX_component|mux_o4e:auto_generated|_~46             ; out0             ;
; |Lab2|lpm_mux1:inst1|lpm_mux:LPM_MUX_component|mux_o4e:auto_generated|_~51             ; |Lab2|lpm_mux1:inst1|lpm_mux:LPM_MUX_component|mux_o4e:auto_generated|_~51             ; out0             ;
; |Lab2|lpm_mux1:inst1|lpm_mux:LPM_MUX_component|mux_o4e:auto_generated|_~54             ; |Lab2|lpm_mux1:inst1|lpm_mux:LPM_MUX_component|mux_o4e:auto_generated|_~54             ; out0             ;
; |Lab2|lpm_mux1:inst1|lpm_mux:LPM_MUX_component|mux_o4e:auto_generated|_~56             ; |Lab2|lpm_mux1:inst1|lpm_mux:LPM_MUX_component|mux_o4e:auto_generated|_~56             ; out0             ;
; |Lab2|lpm_mux1:inst1|lpm_mux:LPM_MUX_component|mux_o4e:auto_generated|_~60             ; |Lab2|lpm_mux1:inst1|lpm_mux:LPM_MUX_component|mux_o4e:auto_generated|_~60             ; out0             ;
; |Lab2|lpm_mux1:inst1|lpm_mux:LPM_MUX_component|mux_o4e:auto_generated|_~63             ; |Lab2|lpm_mux1:inst1|lpm_mux:LPM_MUX_component|mux_o4e:auto_generated|_~63             ; out0             ;
; |Lab2|lpm_mux1:inst1|lpm_mux:LPM_MUX_component|mux_o4e:auto_generated|_~67             ; |Lab2|lpm_mux1:inst1|lpm_mux:LPM_MUX_component|mux_o4e:auto_generated|_~67             ; out0             ;
; |Lab2|lpm_mux1:inst1|lpm_mux:LPM_MUX_component|mux_o4e:auto_generated|_~68             ; |Lab2|lpm_mux1:inst1|lpm_mux:LPM_MUX_component|mux_o4e:auto_generated|_~68             ; out0             ;
; |Lab2|lpm_mux1:inst1|lpm_mux:LPM_MUX_component|mux_o4e:auto_generated|_~69             ; |Lab2|lpm_mux1:inst1|lpm_mux:LPM_MUX_component|mux_o4e:auto_generated|_~69             ; out0             ;
; |Lab2|lpm_mux1:inst1|lpm_mux:LPM_MUX_component|mux_o4e:auto_generated|_~70             ; |Lab2|lpm_mux1:inst1|lpm_mux:LPM_MUX_component|mux_o4e:auto_generated|_~70             ; out0             ;
; |Lab2|lpm_mux1:inst1|lpm_mux:LPM_MUX_component|mux_o4e:auto_generated|result_node[0]~0 ; |Lab2|lpm_mux1:inst1|lpm_mux:LPM_MUX_component|mux_o4e:auto_generated|result_node[0]~0 ; out0             ;
; |Lab2|lpm_mux1:inst1|lpm_mux:LPM_MUX_component|mux_o4e:auto_generated|_~91             ; |Lab2|lpm_mux1:inst1|lpm_mux:LPM_MUX_component|mux_o4e:auto_generated|_~91             ; out0             ;
; |Lab2|lpm_mux1:inst1|lpm_mux:LPM_MUX_component|mux_o4e:auto_generated|_~94             ; |Lab2|lpm_mux1:inst1|lpm_mux:LPM_MUX_component|mux_o4e:auto_generated|_~94             ; out0             ;
; |Lab2|lpm_mux1:inst1|lpm_mux:LPM_MUX_component|mux_o4e:auto_generated|_~96             ; |Lab2|lpm_mux1:inst1|lpm_mux:LPM_MUX_component|mux_o4e:auto_generated|_~96             ; out0             ;
; |Lab2|lpm_mux1:inst1|lpm_mux:LPM_MUX_component|mux_o4e:auto_generated|_~101            ; |Lab2|lpm_mux1:inst1|lpm_mux:LPM_MUX_component|mux_o4e:auto_generated|_~101            ; out0             ;
; |Lab2|lpm_mux1:inst1|lpm_mux:LPM_MUX_component|mux_o4e:auto_generated|_~104            ; |Lab2|lpm_mux1:inst1|lpm_mux:LPM_MUX_component|mux_o4e:auto_generated|_~104            ; out0             ;
; |Lab2|lpm_mux1:inst1|lpm_mux:LPM_MUX_component|mux_o4e:auto_generated|_~106            ; |Lab2|lpm_mux1:inst1|lpm_mux:LPM_MUX_component|mux_o4e:auto_generated|_~106            ; out0             ;
; |Lab2|lpm_mux1:inst1|lpm_mux:LPM_MUX_component|mux_o4e:auto_generated|_~110            ; |Lab2|lpm_mux1:inst1|lpm_mux:LPM_MUX_component|mux_o4e:auto_generated|_~110            ; out0             ;
; |Lab2|lpm_mux1:inst1|lpm_mux:LPM_MUX_component|mux_o4e:auto_generated|_~113            ; |Lab2|lpm_mux1:inst1|lpm_mux:LPM_MUX_component|mux_o4e:auto_generated|_~113            ; out0             ;
; |Lab2|lpm_mux1:inst1|lpm_mux:LPM_MUX_component|mux_o4e:auto_generated|_~117            ; |Lab2|lpm_mux1:inst1|lpm_mux:LPM_MUX_component|mux_o4e:auto_generated|_~117            ; out0             ;
; |Lab2|lpm_mux1:inst1|lpm_mux:LPM_MUX_component|mux_o4e:auto_generated|_~118            ; |Lab2|lpm_mux1:inst1|lpm_mux:LPM_MUX_component|mux_o4e:auto_generated|_~118            ; out0             ;
; |Lab2|lpm_mux1:inst1|lpm_mux:LPM_MUX_component|mux_o4e:auto_generated|_~119            ; |Lab2|lpm_mux1:inst1|lpm_mux:LPM_MUX_component|mux_o4e:auto_generated|_~119            ; out0             ;
; |Lab2|lpm_mux1:inst1|lpm_mux:LPM_MUX_component|mux_o4e:auto_generated|_~120            ; |Lab2|lpm_mux1:inst1|lpm_mux:LPM_MUX_component|mux_o4e:auto_generated|_~120            ; out0             ;
; |Lab2|lpm_mux1:inst1|lpm_mux:LPM_MUX_component|mux_o4e:auto_generated|_~134            ; |Lab2|lpm_mux1:inst1|lpm_mux:LPM_MUX_component|mux_o4e:auto_generated|_~134            ; out0             ;
; |Lab2|lpm_mux1:inst1|lpm_mux:LPM_MUX_component|mux_o4e:auto_generated|_~137            ; |Lab2|lpm_mux1:inst1|lpm_mux:LPM_MUX_component|mux_o4e:auto_generated|_~137            ; out0             ;
; |Lab2|lpm_mux1:inst1|lpm_mux:LPM_MUX_component|mux_o4e:auto_generated|_~143            ; |Lab2|lpm_mux1:inst1|lpm_mux:LPM_MUX_component|mux_o4e:auto_generated|_~143            ; out0             ;
; |Lab2|lpm_mux1:inst1|lpm_mux:LPM_MUX_component|mux_o4e:auto_generated|result_node[0]~1 ; |Lab2|lpm_mux1:inst1|lpm_mux:LPM_MUX_component|mux_o4e:auto_generated|result_node[0]~1 ; out0             ;
; |Lab2|lpm_mux1:inst1|lpm_mux:LPM_MUX_component|mux_o4e:auto_generated|result_node[0]   ; |Lab2|lpm_mux1:inst1|lpm_mux:LPM_MUX_component|mux_o4e:auto_generated|result_node[0]   ; out0             ;
; |Lab2|lpm_mux1:inst|lpm_mux:LPM_MUX_component|mux_o4e:auto_generated|_~9               ; |Lab2|lpm_mux1:inst|lpm_mux:LPM_MUX_component|mux_o4e:auto_generated|_~9               ; out0             ;
; |Lab2|lpm_mux1:inst|lpm_mux:LPM_MUX_component|mux_o4e:auto_generated|_~20              ; |Lab2|lpm_mux1:inst|lpm_mux:LPM_MUX_component|mux_o4e:auto_generated|_~20              ; out0             ;
; |Lab2|lpm_mux1:inst|lpm_mux:LPM_MUX_component|mux_o4e:auto_generated|_~21              ; |Lab2|lpm_mux1:inst|lpm_mux:LPM_MUX_component|mux_o4e:auto_generated|_~21              ; out0             ;
; |Lab2|lpm_mux1:inst|lpm_mux:LPM_MUX_component|mux_o4e:auto_generated|_~35              ; |Lab2|lpm_mux1:inst|lpm_mux:LPM_MUX_component|mux_o4e:auto_generated|_~35              ; out0             ;
; |Lab2|lpm_mux1:inst|lpm_mux:LPM_MUX_component|mux_o4e:auto_generated|_~38              ; |Lab2|lpm_mux1:inst|lpm_mux:LPM_MUX_component|mux_o4e:auto_generated|_~38              ; out0             ;
; |Lab2|lpm_mux1:inst|lpm_mux:LPM_MUX_component|mux_o4e:auto_generated|_~41              ; |Lab2|lpm_mux1:inst|lpm_mux:LPM_MUX_component|mux_o4e:auto_generated|_~41              ; out0             ;
; |Lab2|lpm_mux1:inst|lpm_mux:LPM_MUX_component|mux_o4e:auto_generated|_~44              ; |Lab2|lpm_mux1:inst|lpm_mux:LPM_MUX_component|mux_o4e:auto_generated|_~44              ; out0             ;
; |Lab2|lpm_mux1:inst|lpm_mux:LPM_MUX_component|mux_o4e:auto_generated|_~46              ; |Lab2|lpm_mux1:inst|lpm_mux:LPM_MUX_component|mux_o4e:auto_generated|_~46              ; out0             ;
; |Lab2|lpm_mux1:inst|lpm_mux:LPM_MUX_component|mux_o4e:auto_generated|_~60              ; |Lab2|lpm_mux1:inst|lpm_mux:LPM_MUX_component|mux_o4e:auto_generated|_~60              ; out0             ;
; |Lab2|lpm_mux1:inst|lpm_mux:LPM_MUX_component|mux_o4e:auto_generated|_~62              ; |Lab2|lpm_mux1:inst|lpm_mux:LPM_MUX_component|mux_o4e:auto_generated|_~62              ; out0             ;
; |Lab2|lpm_mux1:inst|lpm_mux:LPM_MUX_component|mux_o4e:auto_generated|_~63              ; |Lab2|lpm_mux1:inst|lpm_mux:LPM_MUX_component|mux_o4e:auto_generated|_~63              ; out0             ;
; |Lab2|lpm_mux1:inst|lpm_mux:LPM_MUX_component|mux_o4e:auto_generated|_~68              ; |Lab2|lpm_mux1:inst|lpm_mux:LPM_MUX_component|mux_o4e:auto_generated|_~68              ; out0             ;
; |Lab2|lpm_mux1:inst|lpm_mux:LPM_MUX_component|mux_o4e:auto_generated|_~69              ; |Lab2|lpm_mux1:inst|lpm_mux:LPM_MUX_component|mux_o4e:auto_generated|_~69              ; out0             ;
; |Lab2|lpm_mux1:inst|lpm_mux:LPM_MUX_component|mux_o4e:auto_generated|_~70              ; |Lab2|lpm_mux1:inst|lpm_mux:LPM_MUX_component|mux_o4e:auto_generated|_~70              ; out0             ;
; |Lab2|lpm_mux1:inst|lpm_mux:LPM_MUX_component|mux_o4e:auto_generated|result_node[0]~0  ; |Lab2|lpm_mux1:inst|lpm_mux:LPM_MUX_component|mux_o4e:auto_generated|result_node[0]~0  ; out0             ;
; |Lab2|lpm_mux1:inst|lpm_mux:LPM_MUX_component|mux_o4e:auto_generated|_~85              ; |Lab2|lpm_mux1:inst|lpm_mux:LPM_MUX_component|mux_o4e:auto_generated|_~85              ; out0             ;
; |Lab2|lpm_mux1:inst|lpm_mux:LPM_MUX_component|mux_o4e:auto_generated|_~88              ; |Lab2|lpm_mux1:inst|lpm_mux:LPM_MUX_component|mux_o4e:auto_generated|_~88              ; out0             ;
; |Lab2|lpm_mux1:inst|lpm_mux:LPM_MUX_component|mux_o4e:auto_generated|_~91              ; |Lab2|lpm_mux1:inst|lpm_mux:LPM_MUX_component|mux_o4e:auto_generated|_~91              ; out0             ;
; |Lab2|lpm_mux1:inst|lpm_mux:LPM_MUX_component|mux_o4e:auto_generated|_~94              ; |Lab2|lpm_mux1:inst|lpm_mux:LPM_MUX_component|mux_o4e:auto_generated|_~94              ; out0             ;
; |Lab2|lpm_mux1:inst|lpm_mux:LPM_MUX_component|mux_o4e:auto_generated|_~96              ; |Lab2|lpm_mux1:inst|lpm_mux:LPM_MUX_component|mux_o4e:auto_generated|_~96              ; out0             ;
; |Lab2|lpm_mux1:inst|lpm_mux:LPM_MUX_component|mux_o4e:auto_generated|_~110             ; |Lab2|lpm_mux1:inst|lpm_mux:LPM_MUX_component|mux_o4e:auto_generated|_~110             ; out0             ;
; |Lab2|lpm_mux1:inst|lpm_mux:LPM_MUX_component|mux_o4e:auto_generated|_~112             ; |Lab2|lpm_mux1:inst|lpm_mux:LPM_MUX_component|mux_o4e:auto_generated|_~112             ; out0             ;
; |Lab2|lpm_mux1:inst|lpm_mux:LPM_MUX_component|mux_o4e:auto_generated|_~113             ; |Lab2|lpm_mux1:inst|lpm_mux:LPM_MUX_component|mux_o4e:auto_generated|_~113             ; out0             ;
; |Lab2|lpm_mux1:inst|lpm_mux:LPM_MUX_component|mux_o4e:auto_generated|_~118             ; |Lab2|lpm_mux1:inst|lpm_mux:LPM_MUX_component|mux_o4e:auto_generated|_~118             ; out0             ;
; |Lab2|lpm_mux1:inst|lpm_mux:LPM_MUX_component|mux_o4e:auto_generated|_~119             ; |Lab2|lpm_mux1:inst|lpm_mux:LPM_MUX_component|mux_o4e:auto_generated|_~119             ; out0             ;
; |Lab2|lpm_mux1:inst|lpm_mux:LPM_MUX_component|mux_o4e:auto_generated|_~120             ; |Lab2|lpm_mux1:inst|lpm_mux:LPM_MUX_component|mux_o4e:auto_generated|_~120             ; out0             ;
; |Lab2|lpm_mux1:inst|lpm_mux:LPM_MUX_component|mux_o4e:auto_generated|_~125             ; |Lab2|lpm_mux1:inst|lpm_mux:LPM_MUX_component|mux_o4e:auto_generated|_~125             ; out0             ;
; |Lab2|lpm_mux1:inst|lpm_mux:LPM_MUX_component|mux_o4e:auto_generated|_~128             ; |Lab2|lpm_mux1:inst|lpm_mux:LPM_MUX_component|mux_o4e:auto_generated|_~128             ; out0             ;
; |Lab2|lpm_mux1:inst|lpm_mux:LPM_MUX_component|mux_o4e:auto_generated|_~130             ; |Lab2|lpm_mux1:inst|lpm_mux:LPM_MUX_component|mux_o4e:auto_generated|_~130             ; out0             ;
; |Lab2|lpm_mux1:inst|lpm_mux:LPM_MUX_component|mux_o4e:auto_generated|_~134             ; |Lab2|lpm_mux1:inst|lpm_mux:LPM_MUX_component|mux_o4e:auto_generated|_~134             ; out0             ;
; |Lab2|lpm_mux1:inst|lpm_mux:LPM_MUX_component|mux_o4e:auto_generated|_~137             ; |Lab2|lpm_mux1:inst|lpm_mux:LPM_MUX_component|mux_o4e:auto_generated|_~137             ; out0             ;
; |Lab2|lpm_mux1:inst|lpm_mux:LPM_MUX_component|mux_o4e:auto_generated|_~141             ; |Lab2|lpm_mux1:inst|lpm_mux:LPM_MUX_component|mux_o4e:auto_generated|_~141             ; out0             ;
; |Lab2|lpm_mux1:inst|lpm_mux:LPM_MUX_component|mux_o4e:auto_generated|_~143             ; |Lab2|lpm_mux1:inst|lpm_mux:LPM_MUX_component|mux_o4e:auto_generated|_~143             ; out0             ;
; |Lab2|lpm_mux1:inst|lpm_mux:LPM_MUX_component|mux_o4e:auto_generated|result_node[0]~1  ; |Lab2|lpm_mux1:inst|lpm_mux:LPM_MUX_component|mux_o4e:auto_generated|result_node[0]~1  ; out0             ;
; |Lab2|lpm_mux1:inst|lpm_mux:LPM_MUX_component|mux_o4e:auto_generated|result_node[0]    ; |Lab2|lpm_mux1:inst|lpm_mux:LPM_MUX_component|mux_o4e:auto_generated|result_node[0]    ; out0             ;
; |Lab2|lpm_mux0:inst3|lpm_mux:LPM_MUX_component|mux_o4e:auto_generated|_~9              ; |Lab2|lpm_mux0:inst3|lpm_mux:LPM_MUX_component|mux_o4e:auto_generated|_~9              ; out0             ;
; |Lab2|lpm_mux0:inst3|lpm_mux:LPM_MUX_component|mux_o4e:auto_generated|_~20             ; |Lab2|lpm_mux0:inst3|lpm_mux:LPM_MUX_component|mux_o4e:auto_generated|_~20             ; out0             ;
; |Lab2|lpm_mux0:inst3|lpm_mux:LPM_MUX_component|mux_o4e:auto_generated|_~21             ; |Lab2|lpm_mux0:inst3|lpm_mux:LPM_MUX_component|mux_o4e:auto_generated|_~21             ; out0             ;
; |Lab2|lpm_mux0:inst3|lpm_mux:LPM_MUX_component|mux_o4e:auto_generated|_~26             ; |Lab2|lpm_mux0:inst3|lpm_mux:LPM_MUX_component|mux_o4e:auto_generated|_~26             ; out0             ;
; |Lab2|lpm_mux0:inst3|lpm_mux:LPM_MUX_component|mux_o4e:auto_generated|_~28             ; |Lab2|lpm_mux0:inst3|lpm_mux:LPM_MUX_component|mux_o4e:auto_generated|_~28             ; out0             ;
; |Lab2|lpm_mux0:inst3|lpm_mux:LPM_MUX_component|mux_o4e:auto_generated|_~29             ; |Lab2|lpm_mux0:inst3|lpm_mux:LPM_MUX_component|mux_o4e:auto_generated|_~29             ; out0             ;
; |Lab2|lpm_mux0:inst3|lpm_mux:LPM_MUX_component|mux_o4e:auto_generated|_~31             ; |Lab2|lpm_mux0:inst3|lpm_mux:LPM_MUX_component|mux_o4e:auto_generated|_~31             ; out0             ;
; |Lab2|lpm_mux0:inst3|lpm_mux:LPM_MUX_component|mux_o4e:auto_generated|_~35             ; |Lab2|lpm_mux0:inst3|lpm_mux:LPM_MUX_component|mux_o4e:auto_generated|_~35             ; out0             ;
; |Lab2|lpm_mux0:inst3|lpm_mux:LPM_MUX_component|mux_o4e:auto_generated|_~37             ; |Lab2|lpm_mux0:inst3|lpm_mux:LPM_MUX_component|mux_o4e:auto_generated|_~37             ; out0             ;
; |Lab2|lpm_mux0:inst3|lpm_mux:LPM_MUX_component|mux_o4e:auto_generated|_~38             ; |Lab2|lpm_mux0:inst3|lpm_mux:LPM_MUX_component|mux_o4e:auto_generated|_~38             ; out0             ;
; |Lab2|lpm_mux0:inst3|lpm_mux:LPM_MUX_component|mux_o4e:auto_generated|_~42             ; |Lab2|lpm_mux0:inst3|lpm_mux:LPM_MUX_component|mux_o4e:auto_generated|_~42             ; out0             ;
; |Lab2|lpm_mux0:inst3|lpm_mux:LPM_MUX_component|mux_o4e:auto_generated|_~44             ; |Lab2|lpm_mux0:inst3|lpm_mux:LPM_MUX_component|mux_o4e:auto_generated|_~44             ; out0             ;
; |Lab2|lpm_mux0:inst3|lpm_mux:LPM_MUX_component|mux_o4e:auto_generated|_~46             ; |Lab2|lpm_mux0:inst3|lpm_mux:LPM_MUX_component|mux_o4e:auto_generated|_~46             ; out0             ;
; |Lab2|lpm_mux0:inst3|lpm_mux:LPM_MUX_component|mux_o4e:auto_generated|_~51             ; |Lab2|lpm_mux0:inst3|lpm_mux:LPM_MUX_component|mux_o4e:auto_generated|_~51             ; out0             ;
; |Lab2|lpm_mux0:inst3|lpm_mux:LPM_MUX_component|mux_o4e:auto_generated|_~54             ; |Lab2|lpm_mux0:inst3|lpm_mux:LPM_MUX_component|mux_o4e:auto_generated|_~54             ; out0             ;
; |Lab2|lpm_mux0:inst3|lpm_mux:LPM_MUX_component|mux_o4e:auto_generated|_~56             ; |Lab2|lpm_mux0:inst3|lpm_mux:LPM_MUX_component|mux_o4e:auto_generated|_~56             ; out0             ;
; |Lab2|lpm_mux0:inst3|lpm_mux:LPM_MUX_component|mux_o4e:auto_generated|_~60             ; |Lab2|lpm_mux0:inst3|lpm_mux:LPM_MUX_component|mux_o4e:auto_generated|_~60             ; out0             ;
; |Lab2|lpm_mux0:inst3|lpm_mux:LPM_MUX_component|mux_o4e:auto_generated|_~63             ; |Lab2|lpm_mux0:inst3|lpm_mux:LPM_MUX_component|mux_o4e:auto_generated|_~63             ; out0             ;
; |Lab2|lpm_mux0:inst3|lpm_mux:LPM_MUX_component|mux_o4e:auto_generated|_~66             ; |Lab2|lpm_mux0:inst3|lpm_mux:LPM_MUX_component|mux_o4e:auto_generated|_~66             ; out0             ;
; |Lab2|lpm_mux0:inst3|lpm_mux:LPM_MUX_component|mux_o4e:auto_generated|_~67             ; |Lab2|lpm_mux0:inst3|lpm_mux:LPM_MUX_component|mux_o4e:auto_generated|_~67             ; out0             ;
; |Lab2|lpm_mux0:inst3|lpm_mux:LPM_MUX_component|mux_o4e:auto_generated|_~68             ; |Lab2|lpm_mux0:inst3|lpm_mux:LPM_MUX_component|mux_o4e:auto_generated|_~68             ; out0             ;
; |Lab2|lpm_mux0:inst3|lpm_mux:LPM_MUX_component|mux_o4e:auto_generated|_~69             ; |Lab2|lpm_mux0:inst3|lpm_mux:LPM_MUX_component|mux_o4e:auto_generated|_~69             ; out0             ;
; |Lab2|lpm_mux0:inst3|lpm_mux:LPM_MUX_component|mux_o4e:auto_generated|_~70             ; |Lab2|lpm_mux0:inst3|lpm_mux:LPM_MUX_component|mux_o4e:auto_generated|_~70             ; out0             ;
; |Lab2|lpm_mux0:inst3|lpm_mux:LPM_MUX_component|mux_o4e:auto_generated|result_node[0]~0 ; |Lab2|lpm_mux0:inst3|lpm_mux:LPM_MUX_component|mux_o4e:auto_generated|result_node[0]~0 ; out0             ;
; |Lab2|lpm_mux0:inst3|lpm_mux:LPM_MUX_component|mux_o4e:auto_generated|_~76             ; |Lab2|lpm_mux0:inst3|lpm_mux:LPM_MUX_component|mux_o4e:auto_generated|_~76             ; out0             ;
; |Lab2|lpm_mux0:inst3|lpm_mux:LPM_MUX_component|mux_o4e:auto_generated|_~78             ; |Lab2|lpm_mux0:inst3|lpm_mux:LPM_MUX_component|mux_o4e:auto_generated|_~78             ; out0             ;
; |Lab2|lpm_mux0:inst3|lpm_mux:LPM_MUX_component|mux_o4e:auto_generated|_~79             ; |Lab2|lpm_mux0:inst3|lpm_mux:LPM_MUX_component|mux_o4e:auto_generated|_~79             ; out0             ;
; |Lab2|lpm_mux0:inst3|lpm_mux:LPM_MUX_component|mux_o4e:auto_generated|_~81             ; |Lab2|lpm_mux0:inst3|lpm_mux:LPM_MUX_component|mux_o4e:auto_generated|_~81             ; out0             ;
; |Lab2|lpm_mux0:inst3|lpm_mux:LPM_MUX_component|mux_o4e:auto_generated|_~85             ; |Lab2|lpm_mux0:inst3|lpm_mux:LPM_MUX_component|mux_o4e:auto_generated|_~85             ; out0             ;
; |Lab2|lpm_mux0:inst3|lpm_mux:LPM_MUX_component|mux_o4e:auto_generated|_~87             ; |Lab2|lpm_mux0:inst3|lpm_mux:LPM_MUX_component|mux_o4e:auto_generated|_~87             ; out0             ;
; |Lab2|lpm_mux0:inst3|lpm_mux:LPM_MUX_component|mux_o4e:auto_generated|_~88             ; |Lab2|lpm_mux0:inst3|lpm_mux:LPM_MUX_component|mux_o4e:auto_generated|_~88             ; out0             ;
; |Lab2|lpm_mux0:inst3|lpm_mux:LPM_MUX_component|mux_o4e:auto_generated|_~92             ; |Lab2|lpm_mux0:inst3|lpm_mux:LPM_MUX_component|mux_o4e:auto_generated|_~92             ; out0             ;
; |Lab2|lpm_mux0:inst3|lpm_mux:LPM_MUX_component|mux_o4e:auto_generated|_~94             ; |Lab2|lpm_mux0:inst3|lpm_mux:LPM_MUX_component|mux_o4e:auto_generated|_~94             ; out0             ;
; |Lab2|lpm_mux0:inst3|lpm_mux:LPM_MUX_component|mux_o4e:auto_generated|_~96             ; |Lab2|lpm_mux0:inst3|lpm_mux:LPM_MUX_component|mux_o4e:auto_generated|_~96             ; out0             ;
; |Lab2|lpm_mux0:inst3|lpm_mux:LPM_MUX_component|mux_o4e:auto_generated|_~101            ; |Lab2|lpm_mux0:inst3|lpm_mux:LPM_MUX_component|mux_o4e:auto_generated|_~101            ; out0             ;
; |Lab2|lpm_mux0:inst3|lpm_mux:LPM_MUX_component|mux_o4e:auto_generated|_~104            ; |Lab2|lpm_mux0:inst3|lpm_mux:LPM_MUX_component|mux_o4e:auto_generated|_~104            ; out0             ;
; |Lab2|lpm_mux0:inst3|lpm_mux:LPM_MUX_component|mux_o4e:auto_generated|_~106            ; |Lab2|lpm_mux0:inst3|lpm_mux:LPM_MUX_component|mux_o4e:auto_generated|_~106            ; out0             ;
; |Lab2|lpm_mux0:inst3|lpm_mux:LPM_MUX_component|mux_o4e:auto_generated|_~110            ; |Lab2|lpm_mux0:inst3|lpm_mux:LPM_MUX_component|mux_o4e:auto_generated|_~110            ; out0             ;
; |Lab2|lpm_mux0:inst3|lpm_mux:LPM_MUX_component|mux_o4e:auto_generated|_~113            ; |Lab2|lpm_mux0:inst3|lpm_mux:LPM_MUX_component|mux_o4e:auto_generated|_~113            ; out0             ;
; |Lab2|lpm_mux0:inst3|lpm_mux:LPM_MUX_component|mux_o4e:auto_generated|_~116            ; |Lab2|lpm_mux0:inst3|lpm_mux:LPM_MUX_component|mux_o4e:auto_generated|_~116            ; out0             ;
; |Lab2|lpm_mux0:inst3|lpm_mux:LPM_MUX_component|mux_o4e:auto_generated|_~117            ; |Lab2|lpm_mux0:inst3|lpm_mux:LPM_MUX_component|mux_o4e:auto_generated|_~117            ; out0             ;
; |Lab2|lpm_mux0:inst3|lpm_mux:LPM_MUX_component|mux_o4e:auto_generated|_~118            ; |Lab2|lpm_mux0:inst3|lpm_mux:LPM_MUX_component|mux_o4e:auto_generated|_~118            ; out0             ;
; |Lab2|lpm_mux0:inst3|lpm_mux:LPM_MUX_component|mux_o4e:auto_generated|_~119            ; |Lab2|lpm_mux0:inst3|lpm_mux:LPM_MUX_component|mux_o4e:auto_generated|_~119            ; out0             ;
; |Lab2|lpm_mux0:inst3|lpm_mux:LPM_MUX_component|mux_o4e:auto_generated|_~120            ; |Lab2|lpm_mux0:inst3|lpm_mux:LPM_MUX_component|mux_o4e:auto_generated|_~120            ; out0             ;
; |Lab2|lpm_mux0:inst3|lpm_mux:LPM_MUX_component|mux_o4e:auto_generated|_~125            ; |Lab2|lpm_mux0:inst3|lpm_mux:LPM_MUX_component|mux_o4e:auto_generated|_~125            ; out0             ;
; |Lab2|lpm_mux0:inst3|lpm_mux:LPM_MUX_component|mux_o4e:auto_generated|_~127            ; |Lab2|lpm_mux0:inst3|lpm_mux:LPM_MUX_component|mux_o4e:auto_generated|_~127            ; out0             ;
; |Lab2|lpm_mux0:inst3|lpm_mux:LPM_MUX_component|mux_o4e:auto_generated|_~128            ; |Lab2|lpm_mux0:inst3|lpm_mux:LPM_MUX_component|mux_o4e:auto_generated|_~128            ; out0             ;
; |Lab2|lpm_mux0:inst3|lpm_mux:LPM_MUX_component|mux_o4e:auto_generated|_~130            ; |Lab2|lpm_mux0:inst3|lpm_mux:LPM_MUX_component|mux_o4e:auto_generated|_~130            ; out0             ;
; |Lab2|lpm_mux0:inst3|lpm_mux:LPM_MUX_component|mux_o4e:auto_generated|_~134            ; |Lab2|lpm_mux0:inst3|lpm_mux:LPM_MUX_component|mux_o4e:auto_generated|_~134            ; out0             ;
; |Lab2|lpm_mux0:inst3|lpm_mux:LPM_MUX_component|mux_o4e:auto_generated|_~136            ; |Lab2|lpm_mux0:inst3|lpm_mux:LPM_MUX_component|mux_o4e:auto_generated|_~136            ; out0             ;
; |Lab2|lpm_mux0:inst3|lpm_mux:LPM_MUX_component|mux_o4e:auto_generated|_~137            ; |Lab2|lpm_mux0:inst3|lpm_mux:LPM_MUX_component|mux_o4e:auto_generated|_~137            ; out0             ;
; |Lab2|lpm_mux0:inst3|lpm_mux:LPM_MUX_component|mux_o4e:auto_generated|_~141            ; |Lab2|lpm_mux0:inst3|lpm_mux:LPM_MUX_component|mux_o4e:auto_generated|_~141            ; out0             ;
; |Lab2|lpm_mux0:inst3|lpm_mux:LPM_MUX_component|mux_o4e:auto_generated|_~143            ; |Lab2|lpm_mux0:inst3|lpm_mux:LPM_MUX_component|mux_o4e:auto_generated|_~143            ; out0             ;
; |Lab2|lpm_mux0:inst3|lpm_mux:LPM_MUX_component|mux_o4e:auto_generated|result_node[0]~1 ; |Lab2|lpm_mux0:inst3|lpm_mux:LPM_MUX_component|mux_o4e:auto_generated|result_node[0]~1 ; out0             ;
; |Lab2|lpm_mux0:inst3|lpm_mux:LPM_MUX_component|mux_o4e:auto_generated|result_node[0]   ; |Lab2|lpm_mux0:inst3|lpm_mux:LPM_MUX_component|mux_o4e:auto_generated|result_node[0]   ; out0             ;
+----------------------------------------------------------------------------------------+----------------------------------------------------------------------------------------+------------------+


The following table displays output ports that do not toggle to 1 during simulation.
+------------------------------------------------------------------------------------------------------------------------------------------------------------------------------+
; Missing 1-Value Coverage                                                                                                                                                     ;
+-----------------------------------------------------------------------------+-----------------------------------------------------------------------------+------------------+
; Node Name                                                                   ; Output Port Name                                                            ; Output Port Type ;
+-----------------------------------------------------------------------------+-----------------------------------------------------------------------------+------------------+
; |Lab2|lpm_mux1:inst4|lpm_mux:LPM_MUX_component|mux_o4e:auto_generated|_~66  ; |Lab2|lpm_mux1:inst4|lpm_mux:LPM_MUX_component|mux_o4e:auto_generated|_~66  ; out0             ;
; |Lab2|lpm_mux1:inst4|lpm_mux:LPM_MUX_component|mux_o4e:auto_generated|_~116 ; |Lab2|lpm_mux1:inst4|lpm_mux:LPM_MUX_component|mux_o4e:auto_generated|_~116 ; out0             ;
+-----------------------------------------------------------------------------+-----------------------------------------------------------------------------+------------------+


The following table displays output ports that do not toggle to 0 during simulation.
+------------------------------------------------------------------------------------------------------------------------------------------------------------------------------+
; Missing 0-Value Coverage                                                                                                                                                     ;
+-----------------------------------------------------------------------------+-----------------------------------------------------------------------------+------------------+
; Node Name                                                                   ; Output Port Name                                                            ; Output Port Type ;
+-----------------------------------------------------------------------------+-----------------------------------------------------------------------------+------------------+
; |Lab2|lpm_mux1:inst4|lpm_mux:LPM_MUX_component|mux_o4e:auto_generated|_~66  ; |Lab2|lpm_mux1:inst4|lpm_mux:LPM_MUX_component|mux_o4e:auto_generated|_~66  ; out0             ;
; |Lab2|lpm_mux1:inst4|lpm_mux:LPM_MUX_component|mux_o4e:auto_generated|_~116 ; |Lab2|lpm_mux1:inst4|lpm_mux:LPM_MUX_component|mux_o4e:auto_generated|_~116 ; out0             ;
+-----------------------------------------------------------------------------+-----------------------------------------------------------------------------+------------------+


+---------------------+
; Simulator INI Usage ;
+--------+------------+
; Option ; Usage      ;
+--------+------------+


+--------------------+
; Simulator Messages ;
+--------------------+
Info: *******************************************************************
Info: Running Quartus II 64-Bit Simulator
    Info: Version 13.0.1 Build 232 06/12/2013 Service Pack 1 SJ Web Edition
    Info: Processing started: Fri Mar 12 21:57:57 2021
Info: Command: quartus_sim --simulation_results_format=VWF Lab2 -c Lab2
Info (324025): Using vector source file "//Mac/Home/GitHub/UzlyLabs/Lab2_7/Lab2.vwf"
Info (310003): Option to preserve fewer signal transitions to reduce memory requirements is enabled
    Info (310004): Simulation has been partitioned into sub-simulations according to the maximum transition count determined by the engine. Transitions from memory will be flushed out to disk at the end of each sub-simulation to reduce memory requirements.
Info (310002): Simulation partitioned into 1 sub-simulations
Info (328053): Simulation coverage is      99.35 %
Info (328052): Number of transitions in simulation is 40705
Info (324045): Vector file Lab2.sim.vwf is saved in VWF text format. You can compress it into CVWF format in order to reduce file size. For more details please refer to the Quartus II Help.
Info: Quartus II 64-Bit Simulator was successful. 0 errors, 0 warnings
    Info: Peak virtual memory: 319 megabytes
    Info: Processing ended: Fri Mar 12 21:57:58 2021
    Info: Elapsed time: 00:00:01
    Info: Total CPU time (on all processors): 00:00:01


